         ------------ Error (2018-12-18 10:40:08.0870) ----------- 
         
         Call Site: CalcEngine.Logging.LoggerExtention.Error
         Exception Type : 
         Exception Message: 
         Stack Trace: 
         Additional Info: Error in Asset Qualifier worksheet
         ------------ Error (2018-12-19 09:05:01.8083) ----------- 
         
         Call Site: CalcEngine.Logging.LoggerExtention.Error
         Exception Type : 
         Exception Message: 
         Stack Trace: 
         Additional Info: Error in Encompass UW LaunchPad
         ------------ Error (2018-12-19 13:21:02.0038) ----------- 
         
         Call Site: CalcEngine.Logging.LoggerExtention.Error
         Exception Type : 
         Exception Message: 
         Stack Trace: 
         Additional Info: Error in Asset Qualifier worksheet
         ------------ Error (2018-12-21 11:00:11.1384) ----------- 
         
         Call Site: CalcEngine.Logging.LoggerExtention.Error
         Exception Type : 
         Exception Message: 
         Stack Trace: 
         Additional Info: Error in BankStatement
         ------------ Error (2019-01-02 11:57:18.2535) ----------- 
         
         Call Site: CalcEngine.Logging.LoggerExtention.Error
         Exception Type : 
         Exception Message: 
         Stack Trace: 
         Additional Info: Error in Debt Covg Ratio
         ------------ Error (2019-01-02 12:00:41.2564) ----------- 
         
         Call Site: CalcEngine.Logging.LoggerExtention.Error
         Exception Type : 
         Exception Message: 
         Stack Trace: 
         Additional Info: Error in Debt Covg Ratio
         ------------ Error (2019-01-02 14:21:32.4223) ----------- 
         
         Call Site: CalcEngine.Logging.LoggerExtention.Error
         Exception Type : 
         Exception Message: 
         Stack Trace: 
         Additional Info: Error in Debt Covg Ratio
         ------------ Error (2019-01-02 14:53:06.3545) ----------- 
         
         Call Site: CalcEngine.Logging.LoggerExtention.Error
         Exception Type : 
         Exception Message: 
         Stack Trace: 
         Additional Info: Error in Debt Covg Ratio
         ------------ Error (2019-01-07 17:05:27.2263) ----------- 
         
         Call Site: CalcEngine.Logging.LoggerExtention.Error
         Exception Type : 
         Exception Message: 
         Stack Trace: 
         Additional Info: Error in Debt Covg Ratio
         ------------ Error (2019-01-07 17:06:46.5043) ----------- 
         
         Call Site: CalcEngine.Logging.LoggerExtention.Error
         Exception Type : 
         Exception Message: 
         Stack Trace: 
         Additional Info: Error in Debt Covg Ratio
         ------------ Error (2019-01-07 17:07:49.6618) ----------- 
         
         Call Site: CalcEngine.Logging.LoggerExtention.Error
         Exception Type : 
         Exception Message: 
         Stack Trace: 
         Additional Info: Error in Debt Covg Ratio
         ------------ Error (2019-01-07 17:08:28.4874) ----------- 
         
         Call Site: CalcEngine.Logging.LoggerExtention.Error
         Exception Type : 
         Exception Message: 
         Stack Trace: 
         Additional Info: Error in Debt Covg Ratio
         ------------ Error (2019-01-07 17:10:09.2367) ----------- 
         
         Call Site: CalcEngine.Logging.LoggerExtention.Error
         Exception Type : 
         Exception Message: 
         Stack Trace: 
         Additional Info: Error in Debt Covg Ratio
         ------------ Error (2019-01-09 11:14:56.0451) ----------- 
         
         Call Site: CalcEngine.Logging.LoggerExtention.Error
         Exception Type : 
         Exception Message: 
         Stack Trace: 
         Additional Info: Error in BankStatement
         ------------ Error (2019-01-10 15:17:00.7535) ----------- 
         
         Call Site: CalcEngine.Logging.LoggerExtention.Error
         Exception Type : 
         Exception Message: 
         Stack Trace: 
         Additional Info: Error in BankStatement
         ------------ Error (2019-01-10 15:18:21.3854) ----------- 
         
         Call Site: CalcEngine.Logging.LoggerExtention.Error
         Exception Type : 
         Exception Message: 
         Stack Trace: 
         Additional Info: Error in BankStatement
         ------------ Error (2019-01-14 10:39:57.8530) ----------- 
         
         Call Site: CalcEngine.Logging.LoggerExtention.Error
         Exception Type : 
         Exception Message: 
         Stack Trace: 
         Additional Info: Error in Asset Qualifier worksheet
         ------------ Error (2019-01-14 10:40:00.5635) ----------- 
         
         Call Site: CalcEngine.Logging.LoggerExtention.Error
         Exception Type : 
         Exception Message: 
         Stack Trace: 
         Additional Info: Error in Asset Qualifier worksheet
         ------------ Error (2019-01-14 10:41:55.3734) ----------- 
         
         Call Site: CalcEngine.Logging.LoggerExtention.Error
         Exception Type : 
         Exception Message: 
         Stack Trace: 
         Additional Info: Error in Asset Qualifier worksheet
         ------------ Error (2019-01-14 10:42:27.8614) ----------- 
         
         Call Site: CalcEngine.Logging.LoggerExtention.Error
         Exception Type : 
         Exception Message: 
         Stack Trace: 
         Additional Info: Error in Asset Qualifier worksheet
         ------------ Error (2019-01-14 10:43:21.2709) ----------- 
         
         Call Site: CalcEngine.Logging.LoggerExtention.Error
         Exception Type : 
         Exception Message: 
         Stack Trace: 
         Additional Info: Error in Asset Qualifier worksheet
         ------------ Error (2019-01-16 15:46:20.0587) ----------- 
         
         Call Site: CalcEngine.Logging.LoggerExtention.Error
         Exception Type : 
         Exception Message: 
         Stack Trace: 
         Additional Info: Error in Encompass UW LaunchPad
         ------------ Error (2019-01-17 08:51:26.9114) ----------- 
         
         Call Site: CalcEngine.Logging.LoggerExtention.Error
         Exception Type : 
         Exception Message: 
         Stack Trace: 
         Additional Info: Error in BankStatement
         ------------ Error (2019-01-17 08:54:19.7545) ----------- 
         
         Call Site: CalcEngine.Logging.LoggerExtention.Error
         Exception Type : 
         Exception Message: 
         Stack Trace: 
         Additional Info: Error in BankStatement
         ------------ Error (2019-01-17 09:03:59.7039) ----------- 
         
         Call Site: CalcEngine.Logging.LoggerExtention.Error
         Exception Type : 
         Exception Message: 
         Stack Trace: 
         Additional Info: Error in BankStatement
         ------------ Error (2019-02-04 12:03:51.7669) ----------- 
         
         Call Site: CalcEngine.Logging.LoggerExtention.Error
         Exception Type : 
         Exception Message: 
         Stack Trace: 
         Additional Info: Error in Debt Covg Ratio
         ------------ Error (2019-02-18 15:44:28.5378) ----------- 
         
         Call Site: CalcEngine.Logging.LoggerExtention.Error
         Exception Type : 
         Exception Message: 
         Stack Trace: 
         Additional Info: Error in Full Documentation workbook
         ------------ Error (2019-02-18 15:44:31.9637) ----------- 
         
         Call Site: CalcEngine.Logging.LoggerExtention.Error
         Exception Type : 
         Exception Message: 
         Stack Trace: 
         Additional Info: Error in Full Documentation workbook
         ------------ Error (2019-02-19 16:40:13.3833) ----------- 
         
         Call Site: CalcEngine.Logging.LoggerExtention.Error
         Exception Type : 
         Exception Message: 
         Stack Trace: 
         Additional Info: Error in Full Documentation workbook
         ------------ Error (2019-02-19 16:40:18.4867) ----------- 
         
         Call Site: CalcEngine.Logging.LoggerExtention.Error
         Exception Type : 
         Exception Message: 
         Stack Trace: 
         Additional Info: Error in Full Documentation workbook
         ------------ Error (2019-02-27 09:10:04.0362) ----------- 
         
         Call Site: CalcEngine.Logging.LoggerExtention.Error
         Exception Type : 
         Exception Message: 
         Stack Trace: 
         Additional Info: Error in Full Documentation workbook
         ------------ Error (2019-02-27 09:10:05.1275) ----------- 
         
         Call Site: CalcEngine.Logging.LoggerExtention.Error
         Exception Type : 
         Exception Message: 
         Stack Trace: 
         Additional Info: Error in Full Documentation workbook
         ------------ Error (2019-02-27 09:17:00.0716) ----------- 
         
         Call Site: CalcEngine.Logging.LoggerExtention.Error
         Exception Type : 
         Exception Message: 
         Stack Trace: 
         Additional Info: Error in Full Documentation workbook
         ------------ Error (2019-02-27 09:18:50.1788) ----------- 
         
         Call Site: CalcEngine.Logging.LoggerExtention.Error
         Exception Type : 
         Exception Message: 
         Stack Trace: 
         Additional Info: Error in Full Documentation workbook
         ------------ Error (2019-02-27 09:23:23.7512) ----------- 
         
         Call Site: CalcEngine.Logging.LoggerExtention.Error
         Exception Type : 
         Exception Message: 
         Stack Trace: 
         Additional Info: Error in Full Documentation workbook
         ------------ Error (2019-03-07 09:17:22.1246) ----------- 
         
         Call Site: CalcEngine.Logging.LoggerExtention.Error
         Exception Type : 
         Exception Message: 
         Stack Trace: 
         Additional Info: Error in Asset Qualifier worksheet
         ------------ Error (2019-03-07 09:18:03.0722) ----------- 
         
         Call Site: CalcEngine.Logging.LoggerExtention.Error
         Exception Type : 
         Exception Message: 
         Stack Trace: 
         Additional Info: Error in Asset Qualifier worksheet
         ------------ Error (2019-03-07 09:19:49.2076) ----------- 
         
         Call Site: CalcEngine.Logging.LoggerExtention.Error
         Exception Type : 
         Exception Message: 
         Stack Trace: 
         Additional Info: Error in Asset Qualifier worksheet
